<?xml version="1.0" encoding="UTF-8"?>
<testng-results ignored="0" total="1" passed="1" failed="0" skipped="0">
  <reporter-output>
  </reporter-output>
  <suite started-at="2023-08-07T16:24:56 IST" name="Default suite" finished-at="2023-08-07T16:25:13 IST" duration-ms="17205">
    <groups>
    </groups>
    <test started-at="2023-08-07T16:24:56 IST" name="Default test" finished-at="2023-08-07T16:25:13 IST" duration-ms="17205">
      <class name="Surumahubtest.NewarrivalsTest">
        <test-method is-config="true" signature="setup()[pri:0, instance:Surumahubtest.NewarrivalsTest@bae7dc0]" started-at="2023-08-07T16:24:56 IST" name="setup" finished-at="2023-08-07T16:25:04 IST" duration-ms="8432" status="PASS">
          <reporter-output>
          </reporter-output>
        </test-method> <!-- setup -->
        <test-method signature="search()[pri:0, instance:Surumahubtest.NewarrivalsTest@bae7dc0]" started-at="2023-08-07T16:25:04 IST" name="search" finished-at="2023-08-07T16:25:13 IST" duration-ms="8675" status="PASS">
          <reporter-output>
          </reporter-output>
        </test-method> <!-- search -->
      </class> <!-- Surumahubtest.NewarrivalsTest -->
    </test> <!-- Default test -->
  </suite> <!-- Default suite -->
</testng-results>
